[debug] [2025-06-23T17:36:08.613Z] ----------------------------------------------------------------------
[debug] [2025-06-23T17:36:08.621Z] Command:       /usr/local/share/nvm/versions/node/v22.16.0/bin/node /home/codespace/nvm/current/bin/firebase init
[debug] [2025-06-23T17:36:08.622Z] CLI Version:   14.8.0
[debug] [2025-06-23T17:36:08.622Z] Platform:      linux
[debug] [2025-06-23T17:36:08.622Z] Node Version:  v22.16.0
[debug] [2025-06-23T17:36:08.623Z] Time:          Mon Jun 23 2025 17:36:08 GMT+0000 (Coordinated Universal Time)
[debug] [2025-06-23T17:36:08.623Z] Env Overrides: GITHUB_API_URL, GITHUB_API_URL
[debug] [2025-06-23T17:36:08.629Z] ----------------------------------------------------------------------
[debug] 
[debug] [2025-06-23T17:36:08.640Z] > command requires scopes: ["email","openid","https://www.googleapis.com/auth/cloudplatformprojects.readonly","https://www.googleapis.com/auth/firebase","https://www.googleapis.com/auth/cloud-platform"]
[debug] [2025-06-23T17:36:08.640Z] > authorizing via signed-in user (osmanabdullahi.emli@gmail.com)
[info] 
     ######## #### ########  ######## ########     ###     ######  ########
     ##        ##  ##     ## ##       ##     ##  ##   ##  ##       ##
     ######    ##  ########  ######   ########  #########  ######  ######
     ##        ##  ##    ##  ##       ##     ## ##     ##       ## ##
     ##       #### ##     ## ######## ########  ##     ##  ######  ########

You're about to initialize a Firebase project in this directory:

  /workspaces/ai-assistant-productivity/frontend

Before we get started, keep in mind:

  * You are currently outside your home directory

