[debug] [2025-06-23T17:51:14.237Z] ----------------------------------------------------------------------
[debug] [2025-06-23T17:51:14.238Z] Command:       /usr/local/share/nvm/versions/node/v22.16.0/bin/node /home/codespace/nvm/current/bin/firebase init
[debug] [2025-06-23T17:51:14.239Z] CLI Version:   14.8.0
[debug] [2025-06-23T17:51:14.239Z] Platform:      linux
[debug] [2025-06-23T17:51:14.239Z] Node Version:  v22.16.0
[debug] [2025-06-23T17:51:14.240Z] Time:          Mon Jun 23 2025 17:51:14 GMT+0000 (Coordinated Universal Time)
[debug] [2025-06-23T17:51:14.240Z] Env Overrides: GITHUB_API_URL, GITHUB_API_URL
[debug] [2025-06-23T17:51:14.240Z] ----------------------------------------------------------------------
[debug] 
[debug] [2025-06-23T17:51:14.244Z] > command requires scopes: ["email","openid","https://www.googleapis.com/auth/cloudplatformprojects.readonly","https://www.googleapis.com/auth/firebase","https://www.googleapis.com/auth/cloud-platform"]
[debug] [2025-06-23T17:51:14.245Z] > authorizing via signed-in user (osmanabdullahi.emli@gmail.com)
[info] 
     ######## #### ########  ######## ########     ###     ######  ########
     ##        ##  ##     ## ##       ##     ##  ##   ##  ##       ##
     ######    ##  ########  ######   ########  #########  ######  ######
     ##        ##  ##    ##  ##       ##     ## ##     ##       ## ##
     ##       #### ##     ## ######## ########  ##     ##  ######  ########

You're about to initialize a Firebase project in this directory:

  /workspaces/ai-assistant-productivity

Before we get started, keep in mind:

  * You are currently outside your home directory

